<?xml version="1.0" encoding="UTF-8"?>
<testng-results skipped="0" failed="0" ignored="0" total="1" passed="1">
  <reporter-output>
  </reporter-output>
  <suite name="Default suite" duration-ms="10352" started-at="2020-05-12T11:23:45 ICT" finished-at="2020-05-12T11:23:55 ICT">
    <groups>
    </groups>
    <test name="Default test" duration-ms="10352" started-at="2020-05-12T11:23:45 ICT" finished-at="2020-05-12T11:23:55 ICT">
      <class name="autotest.FirstTestNGFile">
        <test-method status="PASS" signature="verifyHomepageTitle()[pri:0, instance:autotest.FirstTestNGFile@5bc79255]" name="verifyHomepageTitle" duration-ms="10291" started-at="2020-05-12T11:23:45 ICT" finished-at="2020-05-12T11:23:55 ICT">
          <reporter-output>
          </reporter-output>
        </test-method> <!-- verifyHomepageTitle -->
      </class> <!-- autotest.FirstTestNGFile -->
    </test> <!-- Default test -->
  </suite> <!-- Default suite -->
</testng-results>
