<?xml version="1.0" encoding="UTF-8"?>
<testng-results skipped="0" failed="0" total="1" passed="1">
  <reporter-output>
  </reporter-output>
  <suite name="Default suite" duration-ms="9652" started-at="2020-05-20T04:54:17Z" finished-at="2020-05-20T04:54:27Z">
    <groups>
    </groups>
    <test name="Default test" duration-ms="9652" started-at="2020-05-20T04:54:17Z" finished-at="2020-05-20T04:54:27Z">
      <class name="test.Test99GuruLoginWithPageFactory">
        <test-method status="PASS" signature="setup()[pri:0, instance:test.Test99GuruLoginWithPageFactory@2b4a2ec7]" name="setup" is-config="true" duration-ms="7243" started-at="2020-05-20T11:54:17Z" finished-at="2020-05-20T11:54:24Z">
          <reporter-output>
          </reporter-output>
        </test-method> <!-- setup -->
        <test-method status="PASS" signature="test_Home_Page_Appear_Correct()[pri:0, instance:test.Test99GuruLoginWithPageFactory@2b4a2ec7]" name="test_Home_Page_Appear_Correct" duration-ms="2398" started-at="2020-05-20T11:54:24Z" finished-at="2020-05-20T11:54:27Z">
          <reporter-output>
          </reporter-output>
        </test-method> <!-- test_Home_Page_Appear_Correct -->
      </class> <!-- test.Test99GuruLoginWithPageFactory -->
    </test> <!-- Default test -->
  </suite> <!-- Default suite -->
</testng-results>
