<?xml version="1.0" encoding="UTF-8"?>
<testng-results skipped="0" failed="0" ignored="0" total="6" passed="6">
  <reporter-output>
  </reporter-output>
  <suite name="Default suite" duration-ms="25626" started-at="2020-05-20T14:48:36 ICT" finished-at="2020-05-20T14:49:02 ICT">
    <groups>
    </groups>
    <test name="Default test" duration-ms="25626" started-at="2020-05-20T14:48:36 ICT" finished-at="2020-05-20T14:49:02 ICT">
      <class name="parameters.ParameterByMethodInDataprovider">
        <test-method status="PASS" signature="setup()[pri:0, instance:parameters.ParameterByMethodInDataprovider@6ebc05a6]" name="setup" is-config="true" duration-ms="6814" started-at="2020-05-20T14:48:36 ICT" finished-at="2020-05-20T14:48:43 ICT">
          <reporter-output>
          </reporter-output>
        </test-method> <!-- setup -->
        <test-method status="PASS" signature="testMethodA(java.lang.String, java.lang.String)[pri:0, instance:parameters.ParameterByMethodInDataprovider@6ebc05a6]" name="testMethodA" duration-ms="3205" started-at="2020-05-20T14:48:43 ICT" data-provider="SearchProvider" finished-at="2020-05-20T14:48:46 ICT">
          <params>
            <param index="0">
              <value>
                <![CDATA[Guru99]]>
              </value>
            </param>
            <param index="1">
              <value>
                <![CDATA[India]]>
              </value>
            </param>
          </params>
          <reporter-output>
          </reporter-output>
        </test-method> <!-- testMethodA -->
        <test-method status="PASS" signature="testMethodA(java.lang.String, java.lang.String)[pri:0, instance:parameters.ParameterByMethodInDataprovider@6ebc05a6]" name="testMethodA" duration-ms="3107" started-at="2020-05-20T14:48:46 ICT" data-provider="SearchProvider" finished-at="2020-05-20T14:48:49 ICT">
          <params>
            <param index="0">
              <value>
                <![CDATA[Krishna]]>
              </value>
            </param>
            <param index="1">
              <value>
                <![CDATA[UK]]>
              </value>
            </param>
          </params>
          <reporter-output>
          </reporter-output>
        </test-method> <!-- testMethodA -->
        <test-method status="PASS" signature="testMethodA(java.lang.String, java.lang.String)[pri:0, instance:parameters.ParameterByMethodInDataprovider@6ebc05a6]" name="testMethodA" duration-ms="3117" started-at="2020-05-20T14:48:49 ICT" data-provider="SearchProvider" finished-at="2020-05-20T14:48:52 ICT">
          <params>
            <param index="0">
              <value>
                <![CDATA[Bhupesh]]>
              </value>
            </param>
            <param index="1">
              <value>
                <![CDATA[USA]]>
              </value>
            </param>
          </params>
          <reporter-output>
          </reporter-output>
        </test-method> <!-- testMethodA -->
        <test-method status="PASS" signature="testMethodB(java.lang.String)[pri:0, instance:parameters.ParameterByMethodInDataprovider@6ebc05a6]" name="testMethodB" duration-ms="3114" started-at="2020-05-20T14:48:52 ICT" data-provider="SearchProvider" finished-at="2020-05-20T14:48:55 ICT">
          <params>
            <param index="0">
              <value>
                <![CDATA[Canada]]>
              </value>
            </param>
          </params>
          <reporter-output>
          </reporter-output>
        </test-method> <!-- testMethodB -->
        <test-method status="PASS" signature="testMethodB(java.lang.String)[pri:0, instance:parameters.ParameterByMethodInDataprovider@6ebc05a6]" name="testMethodB" duration-ms="3118" started-at="2020-05-20T14:48:55 ICT" data-provider="SearchProvider" finished-at="2020-05-20T14:48:59 ICT">
          <params>
            <param index="0">
              <value>
                <![CDATA[Russia]]>
              </value>
            </param>
          </params>
          <reporter-output>
          </reporter-output>
        </test-method> <!-- testMethodB -->
        <test-method status="PASS" signature="testMethodB(java.lang.String)[pri:0, instance:parameters.ParameterByMethodInDataprovider@6ebc05a6]" name="testMethodB" duration-ms="3106" started-at="2020-05-20T14:48:59 ICT" data-provider="SearchProvider" finished-at="2020-05-20T14:49:02 ICT">
          <params>
            <param index="0">
              <value>
                <![CDATA[Japan]]>
              </value>
            </param>
          </params>
          <reporter-output>
          </reporter-output>
        </test-method> <!-- testMethodB -->
      </class> <!-- parameters.ParameterByMethodInDataprovider -->
    </test> <!-- Default test -->
  </suite> <!-- Default suite -->
</testng-results>
