<?xml version="1.0" encoding="UTF-8"?>
<testng-results skipped="0" failed="0" ignored="2" total="3" passed="1">
  <reporter-output>
  </reporter-output>
  <suite name="Default suite" duration-ms="10823" started-at="2020-05-19T09:08:30 ICT" finished-at="2020-05-19T09:08:41 ICT">
    <groups>
    </groups>
    <test name="Default test" duration-ms="10823" started-at="2020-05-19T09:08:30 ICT" finished-at="2020-05-19T09:08:41 ICT">
      <class name="autotest.TestMultipleSession">
        <test-method status="PASS" signature="executeSessionTwo()[pri:0, instance:autotest.TestMultipleSession@23e028a9]" name="executeSessionTwo" duration-ms="10771" started-at="2020-05-19T09:08:30 ICT" finished-at="2020-05-19T09:08:41 ICT">
          <reporter-output>
          </reporter-output>
        </test-method> <!-- executeSessionTwo -->
      </class> <!-- autotest.TestMultipleSession -->
    </test> <!-- Default test -->
  </suite> <!-- Default suite -->
</testng-results>
