<?xml version="1.0" encoding="UTF-8"?>
<!-- Generated by org.testng.reporters.JUnitXMLReporter -->
<testsuite hostname="Nhats-iMac.local" ignored="2" name="Default test" tests="1" failures="0" timestamp="2020-05-19T09:08:42 ICT" time="10.823" errors="0">
  <testcase name="executeSessionTwo" time="10.771" classname="autotest.TestMultipleSession"/>
  <testcase name="executSessionThree" time="0.0" classname="autotest.TestMultipleSession">
    <ignored/>
  </testcase> <!-- executSessionThree -->
  <testcase name="executSessionOne" time="0.0" classname="autotest.TestMultipleSession">
    <ignored/>
  </testcase> <!-- executSessionOne -->
</testsuite> <!-- Default test -->
