<?xml version="1.0" encoding="UTF-8"?>
<testng-results skipped="0" failed="0" ignored="0" total="1" passed="1">
  <reporter-output>
  </reporter-output>
  <suite name="Default suite" duration-ms="9352" started-at="2020-05-25T17:31:04 ICT" finished-at="2020-05-25T17:31:14 ICT">
    <groups>
    </groups>
    <test name="Default test" duration-ms="9352" started-at="2020-05-25T17:31:04 ICT" finished-at="2020-05-25T17:31:14 ICT">
      <class name="autotest.testGuru99TakeScreenShot">
        <test-method status="PASS" signature="testGuru99TakeScreenShot()[pri:0, instance:autotest.testGuru99TakeScreenShot@23e028a9]" name="testGuru99TakeScreenShot" duration-ms="9306" started-at="2020-05-25T17:31:04 ICT" finished-at="2020-05-25T17:31:14 ICT">
          <reporter-output>
          </reporter-output>
        </test-method> <!-- testGuru99TakeScreenShot -->
      </class> <!-- autotest.testGuru99TakeScreenShot -->
    </test> <!-- Default test -->
  </suite> <!-- Default suite -->
</testng-results>
