<?xml version="1.0" encoding="UTF-8"?>
<testng-results skipped="0" failed="0" ignored="0" total="1" passed="1">
  <reporter-output>
    <line>
      <![CDATA[The browser is opened now]]>
    </line>
    <line>
      <![CDATA[The browser is maximized]]>
    </line>
    <line>
      <![CDATA[The Google website is opened]]>
    </line>
    <line>
      <![CDATA[The data "BYE" is entered]]>
    </line>
  </reporter-output>
  <suite name="Failed suite [Suite]" duration-ms="5253" started-at="2020-05-19T11:43:45 ICT" finished-at="2020-05-19T11:43:50 ICT">
    <groups>
    </groups>
    <test name="Test(failed)" duration-ms="5253" started-at="2020-05-19T11:43:45 ICT" finished-at="2020-05-19T11:43:50 ICT">
      <class name="com.test.DemoB">
        <test-method status="PASS" signature="run()[pri:0, instance:com.test.DemoB@23e028a9]" name="run" duration-ms="5198" started-at="2020-05-19T11:43:45 ICT" finished-at="2020-05-19T11:43:50 ICT">
          <reporter-output>
            <line>
              <![CDATA[The browser is opened now]]>
            </line>
            <line>
              <![CDATA[The browser is maximized]]>
            </line>
            <line>
              <![CDATA[The Google website is opened]]>
            </line>
            <line>
              <![CDATA[The data "BYE" is entered]]>
            </line>
          </reporter-output>
        </test-method> <!-- run -->
      </class> <!-- com.test.DemoB -->
    </test> <!-- Test(failed) -->
  </suite> <!-- Failed suite [Suite] -->
</testng-results>
