<?xml version="1.0" encoding="UTF-8"?>
<!-- Generated by org.testng.reporters.JUnitXMLReporter -->
<testsuite hostname="Nhats-iMac.local" ignored="0" name="Default test" tests="6" failures="0" timestamp="2020-05-20T14:49:02 ICT" time="25.626" errors="0">
  <testcase name="testMethodA" time="3.205" classname="parameters.ParameterByMethodInDataprovider"/>
  <testcase name="testMethodA" time="3.107" classname="parameters.ParameterByMethodInDataprovider"/>
  <testcase name="testMethodA" time="3.117" classname="parameters.ParameterByMethodInDataprovider"/>
  <testcase name="testMethodB" time="3.114" classname="parameters.ParameterByMethodInDataprovider"/>
  <testcase name="testMethodB" time="3.118" classname="parameters.ParameterByMethodInDataprovider"/>
  <testcase name="testMethodB" time="3.106" classname="parameters.ParameterByMethodInDataprovider"/>
</testsuite> <!-- Default test -->
